--------------- Build Started: 02/19/2025 14:03:19 Project: Timer sa resetiranjem nakon capture-a, Configuration: ARM GCC 5.4-2016-q2-update Debug ---------------
cydsfit.exe -.appdatapath "C:\Users\Jakov Begovic\AppData\Local\Cypress Semiconductor\PSoC Creator\4.2" -.fdsnotice -.fdswarpdepfile=warp_dependencies.txt -.fdselabdepfile=elab_dependencies.txt -.fdsbldfile=generated_files.txt -.fdsreffile=referenced_files.txt -p "D:\FER\Predmeti\7. semestar\SEM1\Programi\Timer01\Timer sa resetiranjem nakon capture-a.cydsn\Timer sa resetiranjem nakon capture-a.cyprj" -d CY8C5888LTI-LP097 -s "D:\FER\Predmeti\7. semestar\SEM1\Programi\Timer01\Timer sa resetiranjem nakon capture-a.cydsn\Generated_Source\PSoC5" -- -yv2 -q10 -ygs -o2 -v3 -.fftcfgtype=LE
Elaborating Design...
HDL Generation...
Synthesis...
Tech Mapping...
ADD: pft.M0040: information: The following 2 pin(s) will be assigned a location by the fitter: \USBUART:Dm(0)\, \USBUART:Dp(0)\
Analog Placement...
Analog Routing...
Analog Code Generation...
Digital Placement...
Digital Routing...
Bitstream Generation...
Bitstream Verification...
Static timing analysis...
API Generation...
Dependency Generation...
Cleanup...
arm-none-eabi-gcc.exe -mcpu=cortex-m3 -mthumb -I. -IGenerated_Source\PSoC5 -Wa,-alh=.\CortexM3\ARM_GCC_541\Debug/main.lst -g -Wall -ffunction-sections -ffat-lto-objects -O0 -c main.c -o .\CortexM3\ARM_GCC_541\Debug\main.o
arm-none-eabi-gcc.exe -mcpu=cortex-m3 -mthumb -I. -IGenerated_Source\PSoC5 -Wa,-alh=.\CortexM3\ARM_GCC_541\Debug/cyfitter_cfg.lst -g -Wall -ffunction-sections -ffat-lto-objects -O0 -c Generated_Source\PSoC5\cyfitter_cfg.c -o .\CortexM3\ARM_GCC_541\Debug\cyfitter_cfg.o
arm-none-eabi-gcc.exe -mcpu=cortex-m3 -mthumb -I. -IGenerated_Source\PSoC5 -Wa,-alh=.\CortexM3\ARM_GCC_541\Debug/Timer_1.lst -g -Wall -ffunction-sections -ffat-lto-objects -O0 -c Generated_Source\PSoC5\Timer_1.c -o .\CortexM3\ARM_GCC_541\Debug\Timer_1.o
arm-none-eabi-gcc.exe -mcpu=cortex-m3 -mthumb -I. -IGenerated_Source\PSoC5 -Wa,-alh=.\CortexM3\ARM_GCC_541\Debug/Timer_1_PM.lst -g -Wall -ffunction-sections -ffat-lto-objects -O0 -c Generated_Source\PSoC5\Timer_1_PM.c -o .\CortexM3\ARM_GCC_541\Debug\Timer_1_PM.o
arm-none-eabi-gcc.exe -mcpu=cortex-m3 -mthumb -I. -IGenerated_Source\PSoC5 -Wa,-alh=.\CortexM3\ARM_GCC_541\Debug/TimerISR.lst -g -Wall -ffunction-sections -ffat-lto-objects -O0 -c Generated_Source\PSoC5\TimerISR.c -o .\CortexM3\ARM_GCC_541\Debug\TimerISR.o
arm-none-eabi-gcc.exe -mcpu=cortex-m3 -mthumb -I. -IGenerated_Source\PSoC5 -Wa,-alh=.\CortexM3\ARM_GCC_541\Debug/P0_1.lst -g -Wall -ffunction-sections -ffat-lto-objects -O0 -c Generated_Source\PSoC5\P0_1.c -o .\CortexM3\ARM_GCC_541\Debug\P0_1.o
arm-none-eabi-gcc.exe -mcpu=cortex-m3 -mthumb -I. -IGenerated_Source\PSoC5 -Wa,-alh=.\CortexM3\ARM_GCC_541\Debug/clock_1.lst -g -Wall -ffunction-sections -ffat-lto-objects -O0 -c Generated_Source\PSoC5\clock_1.c -o .\CortexM3\ARM_GCC_541\Debug\clock_1.o
arm-none-eabi-gcc.exe -mcpu=cortex-m3 -mthumb -I. -IGenerated_Source\PSoC5 -Wa,-alh=.\CortexM3\ARM_GCC_541\Debug/USBUART.lst -g -Wall -ffunction-sections -ffat-lto-objects -O0 -c Generated_Source\PSoC5\USBUART.c -o .\CortexM3\ARM_GCC_541\Debug\USBUART.o
arm-none-eabi-gcc.exe -mcpu=cortex-m3 -mthumb -I. -IGenerated_Source\PSoC5 -Wa,-alh=.\CortexM3\ARM_GCC_541\Debug/USBUART_audio.lst -g -Wall -ffunction-sections -ffat-lto-objects -O0 -c Generated_Source\PSoC5\USBUART_audio.c -o .\CortexM3\ARM_GCC_541\Debug\USBUART_audio.o
arm-none-eabi-gcc.exe -mcpu=cortex-m3 -mthumb -I. -IGenerated_Source\PSoC5 -Wa,-alh=.\CortexM3\ARM_GCC_541\Debug/USBUART_boot.lst -g -Wall -ffunction-sections -ffat-lto-objects -O0 -c Generated_Source\PSoC5\USBUART_boot.c -o .\CortexM3\ARM_GCC_541\Debug\USBUART_boot.o
arm-none-eabi-gcc.exe -mcpu=cortex-m3 -mthumb -I. -IGenerated_Source\PSoC5 -Wa,-alh=.\CortexM3\ARM_GCC_541\Debug/USBUART_cdc.lst -g -Wall -ffunction-sections -ffat-lto-objects -O0 -c Generated_Source\PSoC5\USBUART_cdc.c -o .\CortexM3\ARM_GCC_541\Debug\USBUART_cdc.o
arm-none-eabi-gcc.exe -mcpu=cortex-m3 -mthumb -I. -IGenerated_Source\PSoC5 -Wa,-alh=.\CortexM3\ARM_GCC_541\Debug/USBUART_cls.lst -g -Wall -ffunction-sections -ffat-lto-objects -O0 -c Generated_Source\PSoC5\USBUART_cls.c -o .\CortexM3\ARM_GCC_541\Debug\USBUART_cls.o
arm-none-eabi-gcc.exe -mcpu=cortex-m3 -mthumb -I. -IGenerated_Source\PSoC5 -Wa,-alh=.\CortexM3\ARM_GCC_541\Debug/USBUART_descr.lst -g -Wall -ffunction-sections -ffat-lto-objects -O0 -c Generated_Source\PSoC5\USBUART_descr.c -o .\CortexM3\ARM_GCC_541\Debug\USBUART_descr.o
arm-none-eabi-gcc.exe -mcpu=cortex-m3 -mthumb -I. -IGenerated_Source\PSoC5 -Wa,-alh=.\CortexM3\ARM_GCC_541\Debug/USBUART_drv.lst -g -Wall -ffunction-sections -ffat-lto-objects -O0 -c Generated_Source\PSoC5\USBUART_drv.c -o .\CortexM3\ARM_GCC_541\Debug\USBUART_drv.o
arm-none-eabi-gcc.exe -mcpu=cortex-m3 -mthumb -I. -IGenerated_Source\PSoC5 -Wa,-alh=.\CortexM3\ARM_GCC_541\Debug/USBUART_episr.lst -g -Wall -ffunction-sections -ffat-lto-objects -O0 -c Generated_Source\PSoC5\USBUART_episr.c -o .\CortexM3\ARM_GCC_541\Debug\USBUART_episr.o
arm-none-eabi-gcc.exe -mcpu=cortex-m3 -mthumb -I. -IGenerated_Source\PSoC5 -Wa,-alh=.\CortexM3\ARM_GCC_541\Debug/USBUART_hid.lst -g -Wall -ffunction-sections -ffat-lto-objects -O0 -c Generated_Source\PSoC5\USBUART_hid.c -o .\CortexM3\ARM_GCC_541\Debug\USBUART_hid.o
arm-none-eabi-gcc.exe -mcpu=cortex-m3 -mthumb -I. -IGenerated_Source\PSoC5 -Wa,-alh=.\CortexM3\ARM_GCC_541\Debug/USBUART_pm.lst -g -Wall -ffunction-sections -ffat-lto-objects -O0 -c Generated_Source\PSoC5\USBUART_pm.c -o .\CortexM3\ARM_GCC_541\Debug\USBUART_pm.o
arm-none-eabi-gcc.exe -mcpu=cortex-m3 -mthumb -I. -IGenerated_Source\PSoC5 -Wa,-alh=.\CortexM3\ARM_GCC_541\Debug/USBUART_std.lst -g -Wall -ffunction-sections -ffat-lto-objects -O0 -c Generated_Source\PSoC5\USBUART_std.c -o .\CortexM3\ARM_GCC_541\Debug\USBUART_std.o
arm-none-eabi-gcc.exe -mcpu=cortex-m3 -mthumb -I. -IGenerated_Source\PSoC5 -Wa,-alh=.\CortexM3\ARM_GCC_541\Debug/USBUART_vnd.lst -g -Wall -ffunction-sections -ffat-lto-objects -O0 -c Generated_Source\PSoC5\USBUART_vnd.c -o .\CortexM3\ARM_GCC_541\Debug\USBUART_vnd.o
arm-none-eabi-gcc.exe -mcpu=cortex-m3 -mthumb -I. -IGenerated_Source\PSoC5 -Wa,-alh=.\CortexM3\ARM_GCC_541\Debug/USBUART_midi.lst -g -Wall -ffunction-sections -ffat-lto-objects -O0 -c Generated_Source\PSoC5\USBUART_midi.c -o .\CortexM3\ARM_GCC_541\Debug\USBUART_midi.o
arm-none-eabi-gcc.exe -mcpu=cortex-m3 -mthumb -I. -IGenerated_Source\PSoC5 -Wa,-alh=.\CortexM3\ARM_GCC_541\Debug/USBUART_msc.lst -g -Wall -ffunction-sections -ffat-lto-objects -O0 -c Generated_Source\PSoC5\USBUART_msc.c -o .\CortexM3\ARM_GCC_541\Debug\USBUART_msc.o
arm-none-eabi-gcc.exe -mcpu=cortex-m3 -mthumb -I. -IGenerated_Source\PSoC5 -Wa,-alh=.\CortexM3\ARM_GCC_541\Debug/clock_2.lst -g -Wall -ffunction-sections -ffat-lto-objects -O0 -c Generated_Source\PSoC5\clock_2.c -o .\CortexM3\ARM_GCC_541\Debug\clock_2.o
arm-none-eabi-gcc.exe -mcpu=cortex-m3 -mthumb -I. -IGenerated_Source\PSoC5 -Wa,-alh=.\CortexM3\ARM_GCC_541\Debug/P0_0.lst -g -Wall -ffunction-sections -ffat-lto-objects -O0 -c Generated_Source\PSoC5\P0_0.c -o .\CortexM3\ARM_GCC_541\Debug\P0_0.o
arm-none-eabi-gcc.exe -mcpu=cortex-m3 -mthumb -I. -IGenerated_Source\PSoC5 -Wa,-alh=.\CortexM3\ARM_GCC_541\Debug/USBUART_Dm.lst -g -Wall -ffunction-sections -ffat-lto-objects -O0 -c Generated_Source\PSoC5\USBUART_Dm.c -o .\CortexM3\ARM_GCC_541\Debug\USBUART_Dm.o
arm-none-eabi-gcc.exe -mcpu=cortex-m3 -mthumb -I. -IGenerated_Source\PSoC5 -Wa,-alh=.\CortexM3\ARM_GCC_541\Debug/USBUART_Dp.lst -g -Wall -ffunction-sections -ffat-lto-objects -O0 -c Generated_Source\PSoC5\USBUART_Dp.c -o .\CortexM3\ARM_GCC_541\Debug\USBUART_Dp.o
arm-none-eabi-gcc.exe -mcpu=cortex-m3 -mthumb -I. -IGenerated_Source\PSoC5 -Wa,-alh=.\CortexM3\ARM_GCC_541\Debug/Cm3Start.lst -g -Wall -ffunction-sections -ffat-lto-objects -O0 -c Generated_Source\PSoC5\Cm3Start.c -o .\CortexM3\ARM_GCC_541\Debug\Cm3Start.o
arm-none-eabi-gcc.exe -mcpu=cortex-m3 -mthumb -I. -IGenerated_Source\PSoC5 -Wa,-alh=.\CortexM3\ARM_GCC_541\Debug/CyDmac.lst -g -Wall -ffunction-sections -ffat-lto-objects -O0 -c Generated_Source\PSoC5\CyDmac.c -o .\CortexM3\ARM_GCC_541\Debug\CyDmac.o
arm-none-eabi-gcc.exe -mcpu=cortex-m3 -mthumb -I. -IGenerated_Source\PSoC5 -Wa,-alh=.\CortexM3\ARM_GCC_541\Debug/CyFlash.lst -g -Wall -ffunction-sections -ffat-lto-objects -O0 -c Generated_Source\PSoC5\CyFlash.c -o .\CortexM3\ARM_GCC_541\Debug\CyFlash.o
arm-none-eabi-gcc.exe -mcpu=cortex-m3 -mthumb -I. -IGenerated_Source\PSoC5 -Wa,-alh=.\CortexM3\ARM_GCC_541\Debug/CyLib.lst -g -Wall -ffunction-sections -ffat-lto-objects -O0 -c Generated_Source\PSoC5\CyLib.c -o .\CortexM3\ARM_GCC_541\Debug\CyLib.o
arm-none-eabi-gcc.exe -mcpu=cortex-m3 -mthumb -I. -IGenerated_Source\PSoC5 -Wa,-alh=.\CortexM3\ARM_GCC_541\Debug/cyPm.lst -g -Wall -ffunction-sections -ffat-lto-objects -O0 -c Generated_Source\PSoC5\cyPm.c -o .\CortexM3\ARM_GCC_541\Debug\cyPm.o
arm-none-eabi-gcc.exe -mcpu=cortex-m3 -mthumb -I. -IGenerated_Source\PSoC5 -Wa,-alh=.\CortexM3\ARM_GCC_541\Debug/CySpc.lst -g -Wall -ffunction-sections -ffat-lto-objects -O0 -c Generated_Source\PSoC5\CySpc.c -o .\CortexM3\ARM_GCC_541\Debug\CySpc.o
arm-none-eabi-gcc.exe -mcpu=cortex-m3 -mthumb -I. -IGenerated_Source\PSoC5 -Wa,-alh=.\CortexM3\ARM_GCC_541\Debug/cyutils.lst -g -Wall -ffunction-sections -ffat-lto-objects -O0 -c Generated_Source\PSoC5\cyutils.c -o .\CortexM3\ARM_GCC_541\Debug\cyutils.o
arm-none-eabi-gcc.exe -mcpu=cortex-m3 -mthumb -I. -IGenerated_Source\PSoC5 -Wa,-alh=.\CortexM3\ARM_GCC_541\Debug/cy_em_eeprom.lst -g -Wall -ffunction-sections -ffat-lto-objects -O0 -c Generated_Source\PSoC5\cy_em_eeprom.c -o .\CortexM3\ARM_GCC_541\Debug\cy_em_eeprom.o
arm-none-eabi-gcc.exe -mcpu=cortex-m3 -mthumb -I. -IGenerated_Source\PSoC5 -Wa,-alh=.\CortexM3\ARM_GCC_541\Debug/P0_5.lst -g -Wall -ffunction-sections -ffat-lto-objects -O0 -c Generated_Source\PSoC5\P0_5.c -o .\CortexM3\ARM_GCC_541\Debug\P0_5.o
arm-none-eabi-as.exe -mcpu=cortex-m3 -mthumb -I. -IGenerated_Source\PSoC5 -alh=.\CortexM3\ARM_GCC_541\Debug/CyBootAsmGnu.lst -g -o .\CortexM3\ARM_GCC_541\Debug\CyBootAsmGnu.o Generated_Source\PSoC5\CyBootAsmGnu.s
arm-none-eabi-ar.exe -rs ".\CortexM3\ARM_GCC_541\Debug\Timer sa resetiranjem nakon capture-a.a" .\CortexM3\ARM_GCC_541\Debug\Timer_1.o .\CortexM3\ARM_GCC_541\Debug\Timer_1_PM.o .\CortexM3\ARM_GCC_541\Debug\TimerISR.o .\CortexM3\ARM_GCC_541\Debug\P0_1.o .\CortexM3\ARM_GCC_541\Debug\clock_1.o .\CortexM3\ARM_GCC_541\Debug\USBUART.o .\CortexM3\ARM_GCC_541\Debug\USBUART_audio.o .\CortexM3\ARM_GCC_541\Debug\USBUART_boot.o .\CortexM3\ARM_GCC_541\Debug\USBUART_cdc.o .\CortexM3\ARM_GCC_541\Debug\USBUART_cls.o .\CortexM3\ARM_GCC_541\Debug\USBUART_descr.o .\CortexM3\ARM_GCC_541\Debug\USBUART_drv.o .\CortexM3\ARM_GCC_541\Debug\USBUART_episr.o .\CortexM3\ARM_GCC_541\Debug\USBUART_hid.o .\CortexM3\ARM_GCC_541\Debug\USBUART_pm.o .\CortexM3\ARM_GCC_541\Debug\USBUART_std.o .\CortexM3\ARM_GCC_541\Debug\USBUART_vnd.o .\CortexM3\ARM_GCC_541\Debug\USBUART_midi.o .\CortexM3\ARM_GCC_541\Debug\USBUART_msc.o .\CortexM3\ARM_GCC_541\Debug\clock_2.o .\CortexM3\ARM_GCC_541\Debug\P0_0.o .\CortexM3\ARM_GCC_541\Debug\USBUART_Dm.o .\CortexM3\ARM_GCC_541\Debug\USBUART_Dp.o .\CortexM3\ARM_GCC_541\Debug\CyDmac.o .\CortexM3\ARM_GCC_541\Debug\CyFlash.o .\CortexM3\ARM_GCC_541\Debug\CyLib.o .\CortexM3\ARM_GCC_541\Debug\cyPm.o .\CortexM3\ARM_GCC_541\Debug\CySpc.o .\CortexM3\ARM_GCC_541\Debug\cyutils.o .\CortexM3\ARM_GCC_541\Debug\cy_em_eeprom.o .\CortexM3\ARM_GCC_541\Debug\P0_5.o .\CortexM3\ARM_GCC_541\Debug\CyBootAsmGnu.o
arm-none-eabi-ar.exe: creating .\CortexM3\ARM_GCC_541\Debug\Timer sa resetiranjem nakon capture-a.a
arm-none-eabi-gcc.exe -Wl,--start-group -o "D:\FER\Predmeti\7. semestar\SEM1\Programi\Timer01\Timer sa resetiranjem nakon capture-a.cydsn\CortexM3\ARM_GCC_541\Debug\Timer sa resetiranjem nakon capture-a.elf" .\CortexM3\ARM_GCC_541\Debug\main.o .\CortexM3\ARM_GCC_541\Debug\cyfitter_cfg.o .\CortexM3\ARM_GCC_541\Debug\cymetadata.o .\CortexM3\ARM_GCC_541\Debug\Cm3Start.o ".\CortexM3\ARM_GCC_541\Debug\Timer sa resetiranjem nakon capture-a.a" "C:\Program Files (x86)\Cypress\PSoC Creator\4.2\PSoC Creator\psoc\content\cycomponentlibrary\CyComponentLibrary.cylib\CortexM3\ARM_GCC_541\Debug\CyComponentLibrary.a" -mcpu=cortex-m3 -mthumb -L Generated_Source\PSoC5 "-Wl,-Map,.\CortexM3\ARM_GCC_541\Debug/Timer sa resetiranjem nakon capture-a.map" -T Generated_Source\PSoC5\cm3gcc.ld -specs=nano.specs -Wl,--gc-sections -g -ffunction-sections -O0 -ffat-lto-objects -Wl,--end-group
cyelftool.exe -C "D:\FER\Predmeti\7. semestar\SEM1\Programi\Timer01\Timer sa resetiranjem nakon capture-a.cydsn\CortexM3\ARM_GCC_541\Debug\Timer sa resetiranjem nakon capture-a.elf" --flash_row_size 256 --flash_size 262144 --flash_offset 0x00000000
No ELF section .cychecksum found, creating one
Application checksum calculated and stored in ELF section .cychecksum
Checksum calculated and stored in ELF section .cymeta
cyelftool.exe -S "D:\FER\Predmeti\7. semestar\SEM1\Programi\Timer01\Timer sa resetiranjem nakon capture-a.cydsn\CortexM3\ARM_GCC_541\Debug\Timer sa resetiranjem nakon capture-a.elf"
Flash used: 14592 of 262144 bytes (5,6 %).
SRAM used: 2909 of 65536 bytes (4,4 %). Stack: 2048 bytes. Heap: 128 bytes.
--------------- Build Succeeded: 02/19/2025 14:03:36 ---------------
